2023-04-04 12:09:33,774 - mylogger - INFO - True
2023-04-04 12:10:10,801 - mylogger - INFO - True
2023-04-04 12:10:36,061 - mylogger - INFO - True
2023-04-04 12:11:18,283 - mylogger - INFO - True
2023-04-04 12:12:17,683 - mylogger - INFO - False
2023-04-04 12:14:43,916 - mylogger - INFO - SELECT JSON * FROM gc_public_db.public_ab_nyc_updated_dataset
2023-04-04 13:04:40,463 - mylogger - INFO - SELECT JSON * FROM gc_student_db.student_admission_predict_dataset
2023-04-04 13:04:43,672 - mylogger - INFO - SELECT JSON * FROM gc_student_db.student_admission_predict_dataset
2023-04-04 13:06:29,896 - mylogger - INFO - SELECT JSON * FROM gc_faculty_db.faculty_sample_data
2023-04-04 13:07:38,918 - mylogger - INFO - SELECT JSON * FROM gc_public_db.public_ab_nyc_updated_dataset
2023-04-04 14:40:17,551 - mylogger - INFO - SELECT JSON * FROM gc_student_db.student_admission_predict_dataset
2023-04-04 14:41:18,185 - mylogger - INFO - SELECT JSON * FROM gc_student_db.student_admission_predict_dataset
2023-04-04 22:08:51,632 - mylogger - INFO - SELECT JSON * FROM gc_student_db.student_admission_predict_dataset
2023-04-05 00:53:02,065 - mylogger - INFO - SELECT JSON * FROM gc_student_db.student_admission_predict_dataset
2023-04-05 00:53:41,270 - mylogger - INFO - SELECT JSON * FROM gc_student_db.student_advertising_dataset
2023-04-05 00:54:35,457 - mylogger - INFO - SELECT JSON * FROM gc_student_db.student_admission_predict_dataset
2023-04-05 15:23:53,289 - mylogger - INFO - SELECT JSON * FROM gc_student_db.student_admission_predict_dataset
2023-04-05 16:33:42,483 - mylogger - INFO - SELECT JSON * FROM gc_faculty_db.faculty_cholocate_bar_rating_dataset
2023-04-05 18:39:00,448 - mylogger - INFO - SELECT JSON * FROM gc_student_db.student_admission_predict_dataset
2023-04-10 16:17:33,467 - mylogger - INFO - SELECT JSON * FROM gc_student_db.student_admission_predict_dataset
2023-04-10 18:05:50,706 - mylogger - INFO - SELECT JSON * FROM gc_student_db.student_admission_predict_dataset
2023-04-10 21:53:43,271 - mylogger - INFO - SELECT JSON * FROM gc_faculty_db.faculty_cholocate_bar_rating_dataset
2023-04-11 00:10:32,568 - mylogger - INFO - SELECT JSON * FROM gc_student_db.student_admission_predict_dataset
2023-04-11 21:27:44,730 - mylogger - INFO - SELECT JSON * FROM gc_public_db.
2023-04-11 21:32:01,161 - mylogger - INFO - SELECT JSON * FROM gc_student_db.
2023-04-11 21:32:15,927 - mylogger - INFO - SELECT JSON * FROM gc_student_db.student_admission_predict_dataset
2023-04-11 21:36:59,420 - mylogger - INFO - SELECT JSON * FROM gc_student_db.student_admission_predict_dataset
